<?xml version="1.0" encoding="UTF-8"?>
<!-- Generated by org.testng.reporters.JUnitXMLReporter -->
<testsuite hostname="LAPTOP-V4JL6RP5" ignored="0" name="Test" tests="6" failures="6" timestamp="06 Oct 2019 03:41:06 GMT" time="0.131" errors="0">
  <testcase name="user_able_to_open_browser" time="0.062" classname="StepDefinitions.Amazon_sd">
    <failure type="java.lang.IllegalStateException" message="The path to the driver executable must be set by the webdriver.chrome.driver system property; for more information, see https://github.com/SeleniumHQ/selenium/wiki/ChromeDriver. The latest version can be downloaded from http://chromedriver.storage.googleapis.com/index.html">
      <![CDATA[java.lang.IllegalStateException: The path to the driver executable must be set by the webdriver.chrome.driver system property; for more information, see https://github.com/SeleniumHQ/selenium/wiki/ChromeDriver. The latest version can be downloaded from http://chromedriver.storage.googleapis.com/index.html
at com.google.common.base.Preconditions.checkState(Preconditions.java:847)
at org.openqa.selenium.remote.service.DriverService.findExecutable(DriverService.java:125)
at org.openqa.selenium.chrome.ChromeDriverService.access$000(ChromeDriverService.java:35)
at org.openqa.selenium.chrome.ChromeDriverService$Builder.findDefaultExecutable(ChromeDriverService.java:156)
at org.openqa.selenium.remote.service.DriverService$Builder.build(DriverService.java:346)
at org.openqa.selenium.chrome.ChromeDriverService.createDefaultService(ChromeDriverService.java:91)
at org.openqa.selenium.chrome.ChromeDriver.<init>(ChromeDriver.java:123)
at StepDefinitions.Amazon_sd.user_able_to_open_browser(Amazon_sd.java:24)
... Removed 25 stack frames]]>
    </failure>
  </testcase> <!-- user_able_to_open_browser -->
  <testcase name="login_with_valid_credential" time="0.006" classname="StepDefinitions.Amazon_sd">
    <failure type="java.lang.NullPointerException">
      <![CDATA[java.lang.NullPointerException
at StepDefinitions.Amazon_sd.login_with_valid_credential(Amazon_sd.java:35)
... Removed 25 stack frames]]>
    </failure>
  </testcase> <!-- login_with_valid_credential -->
  <testcase name="validate_amazon_home_page" time="0.0" classname="StepDefinitions.Amazon_sd">
    <failure type="java.lang.NullPointerException">
      <![CDATA[java.lang.NullPointerException
at StepDefinitions.Amazon_sd.validate_amazon_home_page(Amazon_sd.java:45)
... Removed 25 stack frames]]>
    </failure>
  </testcase> <!-- validate_amazon_home_page -->
  <testcase name="search_iphone" time="0.0" classname="StepDefinitions.Amazon_sd">
    <failure type="java.lang.NullPointerException">
      <![CDATA[java.lang.NullPointerException
at StepDefinitions.Amazon_sd.search_iphone(Amazon_sd.java:55)
... Removed 25 stack frames]]>
    </failure>
  </testcase> <!-- search_iphone -->
  <testcase name="sort_iphone_High_to_Low_price" time="0.015" classname="StepDefinitions.Amazon_sd">
    <failure type="java.lang.NullPointerException">
      <![CDATA[java.lang.NullPointerException
at StepDefinitions.Amazon_sd.sort_iphone_High_to_Low_price(Amazon_sd.java:63)
... Removed 25 stack frames]]>
    </failure>
  </testcase> <!-- sort_iphone_High_to_Low_price -->
  <testcase name="find_out_total_page_number_of_iphone" time="0.0" classname="StepDefinitions.Amazon_sd">
    <failure type="java.lang.NullPointerException">
      <![CDATA[java.lang.NullPointerException
at StepDefinitions.Amazon_sd.find_out_total_page_number_of_iphone(Amazon_sd.java:71)
... Removed 25 stack frames]]>
    </failure>
  </testcase> <!-- find_out_total_page_number_of_iphone -->
</testsuite> <!-- Test -->
